#
# There is insufficient memory for the Java Runtime Environment to continue.
# Native memory allocation (malloc) failed to allocate 32744 bytes for ChunkPool::allocate
# Possible reasons:
#   The system is out of physical RAM or swap space
#   The process is running with CompressedOops enabled, and the Java Heap may be blocking the growth of the native heap
# Possible solutions:
#   Reduce memory load on the system
#   Increase physical memory or swap space
#   Check if swap backing store is full
#   Decrease Java heap size (-Xmx/-Xms)
#   Decrease number of Java threads
#   Decrease Java thread stack sizes (-Xss)
#   Set larger code cache with -XX:ReservedCodeCacheSize=
#   JVM is running with Unscaled Compressed Oops mode in which the Java heap is
#     placed in the first 4GB address space. The Java Heap base address is the
#     maximum limit for the native heap growth. Please use -XX:HeapBaseMinAddress
#     to set the Java Heap base and to place the Java Heap above 4GB virtual address.
# This output file may be truncated or incomplete.
#
#  Out of Memory Error (arena.cpp:78), pid=16892, tid=2056
#
# JRE version: OpenJDK Runtime Environment Temurin-17.0.2+8 (17.0.2+8) (build 17.0.2+8)
# Java VM: OpenJDK 64-Bit Server VM Temurin-17.0.2+8 (17.0.2+8, mixed mode, sharing, tiered, compressed oops, compressed class ptrs, g1 gc, windows-amd64)
# No core dump will be written. Minidumps are not enabled by default on client versions of Windows
#

---------------  S U M M A R Y ------------

Command Line: team5.risc.client.Client 127.0.0.1 1651 gui

Host: Intel(R) Core(TM) i5-8250U CPU @ 1.60GHz, 8 cores, 7G,  Windows 10 , 64 bit Build 19041 (10.0.19041.1566)
Time: Sat Apr  9 23:26:31 2022 Eastern Daylight Time elapsed time: 170.105949 seconds (0d 0h 2m 50s)

---------------  T H R E A D  ---------------

Current thread (0x0000027650d822c0):  JavaThread "C2 CompilerThread0" daemon [_thread_in_native, id=2056, stack(0x000000a42ef00000,0x000000a42f000000)]


Current CompileTask:
C2: 170106 5006       4       java.lang.Class::getMethod (59 bytes)

Stack: [0x000000a42ef00000,0x000000a42f000000]
Native frames: (J=compiled Java code, j=interpreted, Vv=VM code, C=native code)
V  [jvm.dll+0x67564a]
V  [jvm.dll+0x82fc04]
V  [jvm.dll+0x8313ae]
V  [jvm.dll+0x831a13]
V  [jvm.dll+0x245235]
V  [jvm.dll+0xabfc0]
V  [jvm.dll+0xac30c]
V  [jvm.dll+0x606dbf]
V  [jvm.dll+0x607ca2]
V  [jvm.dll+0x606204]
V  [jvm.dll+0x217f48]
V  [jvm.dll+0x2174f1]
V  [jvm.dll+0x1a3a8d]
V  [jvm.dll+0x226ef8]
V  [jvm.dll+0x22503c]
V  [jvm.dll+0x7e596b]
V  [jvm.dll+0x7dff2a]
V  [jvm.dll+0x6744d5]
C  [ucrtbase.dll+0x21bb2]
C  [KERNEL32.DLL+0x17034]
C  [ntdll.dll+0x52651]


---------------  P R O C E S S  ---------------

Threads class SMR info:
_java_thread_list=0x0000027657872c00, length=20, elements={
0x000002763093c610, 0x0000027650d5e220, 0x0000027650d5f090, 0x0000027650d77490,
0x0000027650d78e50, 0x0000027650d7b470, 0x0000027650d7be10, 0x0000027650d822c0,
0x0000027650d8ad70, 0x0000027650d8d770, 0x0000027650d7d620, 0x0000027650d7afa0,
0x0000027650d7cc80, 0x0000027650d7aad0, 0x0000027650d79c60, 0x0000027650d7d150,
0x0000027650d7c7b0, 0x0000027650d7b940, 0x0000027650d7a130, 0x000002765a0c46a0
}

Java Threads: ( => current thread )
  0x000002763093c610 JavaThread "main" [_thread_blocked, id=15980, stack(0x000000a42e200000,0x000000a42e300000)]
  0x0000027650d5e220 JavaThread "Reference Handler" daemon [_thread_blocked, id=12420, stack(0x000000a42e900000,0x000000a42ea00000)]
  0x0000027650d5f090 JavaThread "Finalizer" daemon [_thread_blocked, id=15108, stack(0x000000a42ea00000,0x000000a42eb00000)]
  0x0000027650d77490 JavaThread "Signal Dispatcher" daemon [_thread_blocked, id=8860, stack(0x000000a42eb00000,0x000000a42ec00000)]
  0x0000027650d78e50 JavaThread "Attach Listener" daemon [_thread_blocked, id=19672, stack(0x000000a42ec00000,0x000000a42ed00000)]
  0x0000027650d7b470 JavaThread "Service Thread" daemon [_thread_blocked, id=1100, stack(0x000000a42ed00000,0x000000a42ee00000)]
  0x0000027650d7be10 JavaThread "Monitor Deflation Thread" daemon [_thread_blocked, id=7520, stack(0x000000a42ee00000,0x000000a42ef00000)]
=>0x0000027650d822c0 JavaThread "C2 CompilerThread0" daemon [_thread_in_native, id=2056, stack(0x000000a42ef00000,0x000000a42f000000)]
  0x0000027650d8ad70 JavaThread "C1 CompilerThread0" daemon [_thread_blocked, id=11216, stack(0x000000a42f000000,0x000000a42f100000)]
  0x0000027650d8d770 JavaThread "Sweeper thread" daemon [_thread_blocked, id=17336, stack(0x000000a42f100000,0x000000a42f200000)]
  0x0000027650d7d620 JavaThread "Notification Thread" daemon [_thread_blocked, id=11000, stack(0x000000a42f200000,0x000000a42f300000)]
  0x0000027650d7afa0 JavaThread "Common-Cleaner" daemon [_thread_blocked, id=17072, stack(0x000000a42f400000,0x000000a42f500000)]
  0x0000027650d7cc80 JavaThread "JavaFX-Launcher" [_thread_blocked, id=18372, stack(0x000000a42f500000,0x000000a42f600000)]
  0x0000027650d7aad0 JavaThread "QuantumRenderer-0" daemon [_thread_blocked, id=5700, stack(0x000000a42f600000,0x000000a42f700000)]
  0x0000027650d79c60 JavaThread "InvokeLaterDispatcher" daemon [_thread_blocked, id=14732, stack(0x000000a42f700000,0x000000a42f800000)]
  0x0000027650d7d150 JavaThread "JavaFX Application Thread" [_thread_in_native, id=17096, stack(0x000000a42f800000,0x000000a42f900000)]
  0x0000027650d7c7b0 JavaThread "Thread-2" daemon [_thread_in_native, id=18964, stack(0x000000a42fc00000,0x000000a42fd00000)]
  0x0000027650d7b940 JavaThread "Prism Font Disposer" daemon [_thread_blocked, id=20044, stack(0x000000a430a00000,0x000000a430b00000)]
  0x0000027650d7a130 JavaThread "Cleaner-0" daemon [_thread_blocked, id=8616, stack(0x000000a430b00000,0x000000a430c00000)]
  0x000002765a0c46a0 JavaThread "C2 CompilerThread1" daemon [_thread_blocked, id=7208, stack(0x000000a42df00000,0x000000a42e000000)]

Other Threads:
  0x0000027650d56950 VMThread "VM Thread" [stack: 0x000000a42e800000,0x000000a42e900000] [id=19292]
  0x0000027632a9d070 WatcherThread [stack: 0x000000a42f300000,0x000000a42f400000] [id=11944]
  0x0000027632a787e0 GCTaskThread "GC Thread#0" [stack: 0x000000a42e300000,0x000000a42e400000] [id=17476]
  0x00000276522a3520 GCTaskThread "GC Thread#1" [stack: 0x000000a42fe00000,0x000000a42ff00000] [id=11480]
  0x00000276522ed270 GCTaskThread "GC Thread#2" [stack: 0x000000a42ff00000,0x000000a430000000] [id=15904]
  0x00000276523b7880 GCTaskThread "GC Thread#3" [stack: 0x000000a430000000,0x000000a430100000] [id=8896]
  0x00000276520ab3f0 GCTaskThread "GC Thread#4" [stack: 0x000000a430100000,0x000000a430200000] [id=17312]
  0x00000276520ab6a0 GCTaskThread "GC Thread#5" [stack: 0x000000a430200000,0x000000a430300000] [id=11144]
  0x00000276523fece0 GCTaskThread "GC Thread#6" [stack: 0x000000a430300000,0x000000a430400000] [id=6564]
  0x0000027656ce2f50 GCTaskThread "GC Thread#7" [stack: 0x000000a430400000,0x000000a430500000] [id=14424]
  0x0000027632a894a0 ConcurrentGCThread "G1 Main Marker" [stack: 0x000000a42e400000,0x000000a42e500000] [id=15888]
  0x0000027632a8a650 ConcurrentGCThread "G1 Conc#0" [stack: 0x000000a42e500000,0x000000a42e600000] [id=18864]
  0x0000027650c20090 ConcurrentGCThread "G1 Refine#0" [stack: 0x000000a42e600000,0x000000a42e700000] [id=18252]
  0x0000027656e40a30 ConcurrentGCThread "G1 Refine#1" [stack: 0x000000a430500000,0x000000a430600000] [id=14532]
  0x0000027656d32710 ConcurrentGCThread "G1 Refine#2" [stack: 0x000000a430600000,0x000000a430700000] [id=4500]
  0x0000027650c20ab0 ConcurrentGCThread "G1 Service" [stack: 0x000000a42e700000,0x000000a42e800000] [id=20252]

Threads with active compile tasks:
C2 CompilerThread0   170192 5006       4       java.lang.Class::getMethod (59 bytes)

VM state: not at safepoint (normal execution)

VM Mutex/Monitor currently owned by a thread: None

Heap address: 0x0000000081400000, size: 2028 MB, Compressed Oops mode: 32-bit

CDS archive(s) mapped at: [0x0000000800000000-0x0000000800bc0000-0x0000000800bc0000), size 12320768, SharedBaseAddress: 0x0000000800000000, ArchiveRelocationMode: 0.
Compressed class space mapped at: 0x0000000800c00000-0x0000000840c00000, reserved size: 1073741824
Narrow klass base: 0x0000000800000000, Narrow klass shift: 0, Narrow klass range: 0x100000000

GC Precious Log:
 CPUs: 8 total, 8 available
 Memory: 8108M
 Large Page Support: Disabled
 NUMA Support: Disabled
 Compressed Oops: Enabled (32-bit)
 Heap Region Size: 1M
 Heap Min Capacity: 8M
 Heap Initial Capacity: 128M
 Heap Max Capacity: 2028M
 Pre-touch: Disabled
 Parallel Workers: 8
 Concurrent Workers: 2
 Concurrent Refinement Workers: 8
 Periodic GC: Disabled

Heap:
 garbage-first heap   total 131072K, used 26692K [0x0000000081400000, 0x0000000100000000)
  region size 1024K, 18 young (18432K), 6 survivors (6144K)
 Metaspace       used 19028K, committed 19392K, reserved 1073152K
  class space    used 2600K, committed 2816K, reserved 1048576K

Heap Regions: E=young(eden), S=young(survivor), O=old, HS=humongous(starts), HC=humongous(continues), CS=collection set, F=free, OA=open archive, CA=closed archive, TAMS=top-at-mark-start (previous, next)
|   0|0x0000000081400000, 0x0000000081500000, 0x0000000081500000|100%| O|  |TAMS 0x0000000081400000, 0x0000000081400000| Untracked 
|   1|0x0000000081500000, 0x0000000081600000, 0x0000000081600000|100%| O|  |TAMS 0x0000000081500000, 0x0000000081500000| Untracked 
|   2|0x0000000081600000, 0x0000000081700000, 0x0000000081700000|100%| O|  |TAMS 0x0000000081600000, 0x0000000081600000| Untracked 
|   3|0x0000000081700000, 0x0000000081800000, 0x0000000081800000|100%| O|  |TAMS 0x0000000081700000, 0x0000000081700000| Untracked 
|   4|0x0000000081800000, 0x0000000081811200, 0x0000000081900000|  6%| O|  |TAMS 0x0000000081800000, 0x0000000081800000| Untracked 
|   5|0x0000000081900000, 0x0000000081900000, 0x0000000081a00000|  0%| F|  |TAMS 0x0000000081900000, 0x0000000081900000| Untracked 
|   6|0x0000000081a00000, 0x0000000081a00000, 0x0000000081b00000|  0%| F|  |TAMS 0x0000000081a00000, 0x0000000081a00000| Untracked 
|   7|0x0000000081b00000, 0x0000000081c00000, 0x0000000081c00000|100%|HS|  |TAMS 0x0000000081b00000, 0x0000000081b00000| Complete 
|   8|0x0000000081c00000, 0x0000000081d00000, 0x0000000081d00000|100%|HC|  |TAMS 0x0000000081c00000, 0x0000000081c00000| Complete 
|   9|0x0000000081d00000, 0x0000000081e00000, 0x0000000081e00000|100%| O|  |TAMS 0x0000000081d00000, 0x0000000081d00000| Untracked 
|  10|0x0000000081e00000, 0x0000000081f00000, 0x0000000081f00000|100%| O|  |TAMS 0x0000000081e00000, 0x0000000081e00000| Untracked 
|  11|0x0000000081f00000, 0x0000000082000000, 0x0000000082000000|100%| O|  |TAMS 0x0000000081f00000, 0x0000000081f00000| Untracked 
|  12|0x0000000082000000, 0x0000000082000000, 0x0000000082100000|  0%| F|  |TAMS 0x0000000082000000, 0x0000000082000000| Untracked 
|  13|0x0000000082100000, 0x0000000082100000, 0x0000000082200000|  0%| F|  |TAMS 0x0000000082100000, 0x0000000082100000| Untracked 
|  14|0x0000000082200000, 0x0000000082200000, 0x0000000082300000|  0%| F|  |TAMS 0x0000000082200000, 0x0000000082200000| Untracked 
|  15|0x0000000082300000, 0x0000000082300000, 0x0000000082400000|  0%| F|  |TAMS 0x0000000082300000, 0x0000000082300000| Untracked 
|  16|0x0000000082400000, 0x0000000082400000, 0x0000000082500000|  0%| F|  |TAMS 0x0000000082400000, 0x0000000082400000| Untracked 
|  17|0x0000000082500000, 0x0000000082500000, 0x0000000082600000|  0%| F|  |TAMS 0x0000000082500000, 0x0000000082500000| Untracked 
|  18|0x0000000082600000, 0x0000000082600000, 0x0000000082700000|  0%| F|  |TAMS 0x0000000082600000, 0x0000000082600000| Untracked 
|  19|0x0000000082700000, 0x0000000082700000, 0x0000000082800000|  0%| F|  |TAMS 0x0000000082700000, 0x0000000082700000| Untracked 
|  20|0x0000000082800000, 0x0000000082800000, 0x0000000082900000|  0%| F|  |TAMS 0x0000000082800000, 0x0000000082800000| Untracked 
|  21|0x0000000082900000, 0x0000000082900000, 0x0000000082a00000|  0%| F|  |TAMS 0x0000000082900000, 0x0000000082900000| Untracked 
|  22|0x0000000082a00000, 0x0000000082a00000, 0x0000000082b00000|  0%| F|  |TAMS 0x0000000082a00000, 0x0000000082a00000| Untracked 
|  23|0x0000000082b00000, 0x0000000082b00000, 0x0000000082c00000|  0%| F|  |TAMS 0x0000000082b00000, 0x0000000082b00000| Untracked 
|  24|0x0000000082c00000, 0x0000000082c00000, 0x0000000082d00000|  0%| F|  |TAMS 0x0000000082c00000, 0x0000000082c00000| Untracked 
|  25|0x0000000082d00000, 0x0000000082d00000, 0x0000000082e00000|  0%| F|  |TAMS 0x0000000082d00000, 0x0000000082d00000| Untracked 
|  26|0x0000000082e00000, 0x0000000082e00000, 0x0000000082f00000|  0%| F|  |TAMS 0x0000000082e00000, 0x0000000082e00000| Untracked 
|  27|0x0000000082f00000, 0x0000000082f00000, 0x0000000083000000|  0%| F|  |TAMS 0x0000000082f00000, 0x0000000082f00000| Untracked 
|  28|0x0000000083000000, 0x0000000083000000, 0x0000000083100000|  0%| F|  |TAMS 0x0000000083000000, 0x0000000083000000| Untracked 
|  29|0x0000000083100000, 0x0000000083100000, 0x0000000083200000|  0%| F|  |TAMS 0x0000000083100000, 0x0000000083100000| Untracked 
|  30|0x0000000083200000, 0x0000000083200000, 0x0000000083300000|  0%| F|  |TAMS 0x0000000083200000, 0x0000000083200000| Untracked 
|  31|0x0000000083300000, 0x0000000083300000, 0x0000000083400000|  0%| F|  |TAMS 0x0000000083300000, 0x0000000083300000| Untracked 
|  32|0x0000000083400000, 0x0000000083400000, 0x0000000083500000|  0%| F|  |TAMS 0x0000000083400000, 0x0000000083400000| Untracked 
|  33|0x0000000083500000, 0x0000000083500000, 0x0000000083600000|  0%| F|  |TAMS 0x0000000083500000, 0x0000000083500000| Untracked 
|  34|0x0000000083600000, 0x0000000083600000, 0x0000000083700000|  0%| F|  |TAMS 0x0000000083600000, 0x0000000083600000| Untracked 
|  35|0x0000000083700000, 0x0000000083700000, 0x0000000083800000|  0%| F|  |TAMS 0x0000000083700000, 0x0000000083700000| Untracked 
|  36|0x0000000083800000, 0x0000000083800000, 0x0000000083900000|  0%| F|  |TAMS 0x0000000083800000, 0x0000000083800000| Untracked 
|  37|0x0000000083900000, 0x0000000083900000, 0x0000000083a00000|  0%| F|  |TAMS 0x0000000083900000, 0x0000000083900000| Untracked 
|  38|0x0000000083a00000, 0x0000000083a00000, 0x0000000083b00000|  0%| F|  |TAMS 0x0000000083a00000, 0x0000000083a00000| Untracked 
|  39|0x0000000083b00000, 0x0000000083b00000, 0x0000000083c00000|  0%| F|  |TAMS 0x0000000083b00000, 0x0000000083b00000| Untracked 
|  40|0x0000000083c00000, 0x0000000083c00000, 0x0000000083d00000|  0%| F|  |TAMS 0x0000000083c00000, 0x0000000083c00000| Untracked 
|  41|0x0000000083d00000, 0x0000000083d00000, 0x0000000083e00000|  0%| F|  |TAMS 0x0000000083d00000, 0x0000000083d00000| Untracked 
|  42|0x0000000083e00000, 0x0000000083e00000, 0x0000000083f00000|  0%| F|  |TAMS 0x0000000083e00000, 0x0000000083e00000| Untracked 
|  43|0x0000000083f00000, 0x0000000083f00000, 0x0000000084000000|  0%| F|  |TAMS 0x0000000083f00000, 0x0000000083f00000| Untracked 
|  44|0x0000000084000000, 0x0000000084000000, 0x0000000084100000|  0%| F|  |TAMS 0x0000000084000000, 0x0000000084000000| Untracked 
|  45|0x0000000084100000, 0x0000000084100000, 0x0000000084200000|  0%| F|  |TAMS 0x0000000084100000, 0x0000000084100000| Untracked 
|  46|0x0000000084200000, 0x0000000084200000, 0x0000000084300000|  0%| F|  |TAMS 0x0000000084200000, 0x0000000084200000| Untracked 
|  47|0x0000000084300000, 0x0000000084300000, 0x0000000084400000|  0%| F|  |TAMS 0x0000000084300000, 0x0000000084300000| Untracked 
|  48|0x0000000084400000, 0x0000000084400000, 0x0000000084500000|  0%| F|  |TAMS 0x0000000084400000, 0x0000000084400000| Untracked 
|  49|0x0000000084500000, 0x0000000084500000, 0x0000000084600000|  0%| F|  |TAMS 0x0000000084500000, 0x0000000084500000| Untracked 
|  50|0x0000000084600000, 0x0000000084600000, 0x0000000084700000|  0%| F|  |TAMS 0x0000000084600000, 0x0000000084600000| Untracked 
|  51|0x0000000084700000, 0x0000000084700000, 0x0000000084800000|  0%| F|  |TAMS 0x0000000084700000, 0x0000000084700000| Untracked 
|  52|0x0000000084800000, 0x0000000084800000, 0x0000000084900000|  0%| F|  |TAMS 0x0000000084800000, 0x0000000084800000| Untracked 
|  53|0x0000000084900000, 0x0000000084900000, 0x0000000084a00000|  0%| F|  |TAMS 0x0000000084900000, 0x0000000084900000| Untracked 
|  54|0x0000000084a00000, 0x0000000084a00000, 0x0000000084b00000|  0%| F|  |TAMS 0x0000000084a00000, 0x0000000084a00000| Untracked 
|  55|0x0000000084b00000, 0x0000000084b00000, 0x0000000084c00000|  0%| F|  |TAMS 0x0000000084b00000, 0x0000000084b00000| Untracked 
|  56|0x0000000084c00000, 0x0000000084c00000, 0x0000000084d00000|  0%| F|  |TAMS 0x0000000084c00000, 0x0000000084c00000| Untracked 
|  57|0x0000000084d00000, 0x0000000084d00000, 0x0000000084e00000|  0%| F|  |TAMS 0x0000000084d00000, 0x0000000084d00000| Untracked 
|  58|0x0000000084e00000, 0x0000000084e00000, 0x0000000084f00000|  0%| F|  |TAMS 0x0000000084e00000, 0x0000000084e00000| Untracked 
|  59|0x0000000084f00000, 0x0000000084f00000, 0x0000000085000000|  0%| F|  |TAMS 0x0000000084f00000, 0x0000000084f00000| Untracked 
|  60|0x0000000085000000, 0x0000000085000000, 0x0000000085100000|  0%| F|  |TAMS 0x0000000085000000, 0x0000000085000000| Untracked 
|  61|0x0000000085100000, 0x0000000085100000, 0x0000000085200000|  0%| F|  |TAMS 0x0000000085100000, 0x0000000085100000| Untracked 
|  62|0x0000000085200000, 0x0000000085200000, 0x0000000085300000|  0%| F|  |TAMS 0x0000000085200000, 0x0000000085200000| Untracked 
|  63|0x0000000085300000, 0x0000000085300000, 0x0000000085400000|  0%| F|  |TAMS 0x0000000085300000, 0x0000000085300000| Untracked 
|  64|0x0000000085400000, 0x0000000085400000, 0x0000000085500000|  0%| F|  |TAMS 0x0000000085400000, 0x0000000085400000| Untracked 
|  65|0x0000000085500000, 0x0000000085500000, 0x0000000085600000|  0%| F|  |TAMS 0x0000000085500000, 0x0000000085500000| Untracked 
|  66|0x0000000085600000, 0x0000000085600000, 0x0000000085700000|  0%| F|  |TAMS 0x0000000085600000, 0x0000000085600000| Untracked 
|  67|0x0000000085700000, 0x0000000085700000, 0x0000000085800000|  0%| F|  |TAMS 0x0000000085700000, 0x0000000085700000| Untracked 
|  68|0x0000000085800000, 0x0000000085800000, 0x0000000085900000|  0%| F|  |TAMS 0x0000000085800000, 0x0000000085800000| Untracked 
|  69|0x0000000085900000, 0x0000000085900000, 0x0000000085a00000|  0%| F|  |TAMS 0x0000000085900000, 0x0000000085900000| Untracked 
|  70|0x0000000085a00000, 0x0000000085a00000, 0x0000000085b00000|  0%| F|  |TAMS 0x0000000085a00000, 0x0000000085a00000| Untracked 
|  71|0x0000000085b00000, 0x0000000085b00000, 0x0000000085c00000|  0%| F|  |TAMS 0x0000000085b00000, 0x0000000085b00000| Untracked 
|  72|0x0000000085c00000, 0x0000000085c00000, 0x0000000085d00000|  0%| F|  |TAMS 0x0000000085c00000, 0x0000000085c00000| Untracked 
|  73|0x0000000085d00000, 0x0000000085d00000, 0x0000000085e00000|  0%| F|  |TAMS 0x0000000085d00000, 0x0000000085d00000| Untracked 
|  74|0x0000000085e00000, 0x0000000085e00000, 0x0000000085f00000|  0%| F|  |TAMS 0x0000000085e00000, 0x0000000085e00000| Untracked 
|  75|0x0000000085f00000, 0x0000000085f00000, 0x0000000086000000|  0%| F|  |TAMS 0x0000000085f00000, 0x0000000085f00000| Untracked 
|  76|0x0000000086000000, 0x0000000086000000, 0x0000000086100000|  0%| F|  |TAMS 0x0000000086000000, 0x0000000086000000| Untracked 
|  77|0x0000000086100000, 0x0000000086100000, 0x0000000086200000|  0%| F|  |TAMS 0x0000000086100000, 0x0000000086100000| Untracked 
|  78|0x0000000086200000, 0x0000000086300000, 0x0000000086300000|100%| S|CS|TAMS 0x0000000086200000, 0x0000000086200000| Complete 
|  79|0x0000000086300000, 0x0000000086400000, 0x0000000086400000|100%| S|CS|TAMS 0x0000000086300000, 0x0000000086300000| Complete 
|  80|0x0000000086400000, 0x0000000086500000, 0x0000000086500000|100%| S|CS|TAMS 0x0000000086400000, 0x0000000086400000| Complete 
|  81|0x0000000086500000, 0x0000000086600000, 0x0000000086600000|100%| S|CS|TAMS 0x0000000086500000, 0x0000000086500000| Complete 
|  82|0x0000000086600000, 0x0000000086700000, 0x0000000086700000|100%| S|CS|TAMS 0x0000000086600000, 0x0000000086600000| Complete 
|  83|0x0000000086700000, 0x0000000086800000, 0x0000000086800000|100%| S|CS|TAMS 0x0000000086700000, 0x0000000086700000| Complete 
|  84|0x0000000086800000, 0x0000000086800000, 0x0000000086900000|  0%| F|  |TAMS 0x0000000086800000, 0x0000000086800000| Untracked 
|  85|0x0000000086900000, 0x0000000086900000, 0x0000000086a00000|  0%| F|  |TAMS 0x0000000086900000, 0x0000000086900000| Untracked 
|  86|0x0000000086a00000, 0x0000000086a00000, 0x0000000086b00000|  0%| F|  |TAMS 0x0000000086a00000, 0x0000000086a00000| Untracked 
|  87|0x0000000086b00000, 0x0000000086b00000, 0x0000000086c00000|  0%| F|  |TAMS 0x0000000086b00000, 0x0000000086b00000| Untracked 
|  88|0x0000000086c00000, 0x0000000086c00000, 0x0000000086d00000|  0%| F|  |TAMS 0x0000000086c00000, 0x0000000086c00000| Untracked 
|  89|0x0000000086d00000, 0x0000000086d00000, 0x0000000086e00000|  0%| F|  |TAMS 0x0000000086d00000, 0x0000000086d00000| Untracked 
|  90|0x0000000086e00000, 0x0000000086e00000, 0x0000000086f00000|  0%| F|  |TAMS 0x0000000086e00000, 0x0000000086e00000| Untracked 
|  91|0x0000000086f00000, 0x0000000086f00000, 0x0000000087000000|  0%| F|  |TAMS 0x0000000086f00000, 0x0000000086f00000| Untracked 
|  92|0x0000000087000000, 0x0000000087000000, 0x0000000087100000|  0%| F|  |TAMS 0x0000000087000000, 0x0000000087000000| Untracked 
|  93|0x0000000087100000, 0x0000000087100000, 0x0000000087200000|  0%| F|  |TAMS 0x0000000087100000, 0x0000000087100000| Untracked 
|  94|0x0000000087200000, 0x0000000087200000, 0x0000000087300000|  0%| F|  |TAMS 0x0000000087200000, 0x0000000087200000| Untracked 
|  95|0x0000000087300000, 0x0000000087300000, 0x0000000087400000|  0%| F|  |TAMS 0x0000000087300000, 0x0000000087300000| Untracked 
|  96|0x0000000087400000, 0x0000000087400000, 0x0000000087500000|  0%| F|  |TAMS 0x0000000087400000, 0x0000000087400000| Untracked 
|  97|0x0000000087500000, 0x0000000087500000, 0x0000000087600000|  0%| F|  |TAMS 0x0000000087500000, 0x0000000087500000| Untracked 
|  98|0x0000000087600000, 0x0000000087600000, 0x0000000087700000|  0%| F|  |TAMS 0x0000000087600000, 0x0000000087600000| Untracked 
|  99|0x0000000087700000, 0x0000000087700000, 0x0000000087800000|  0%| F|  |TAMS 0x0000000087700000, 0x0000000087700000| Untracked 
| 100|0x0000000087800000, 0x0000000087800000, 0x0000000087900000|  0%| F|  |TAMS 0x0000000087800000, 0x0000000087800000| Untracked 
| 101|0x0000000087900000, 0x0000000087900000, 0x0000000087a00000|  0%| F|  |TAMS 0x0000000087900000, 0x0000000087900000| Untracked 
| 102|0x0000000087a00000, 0x0000000087a00000, 0x0000000087b00000|  0%| F|  |TAMS 0x0000000087a00000, 0x0000000087a00000| Untracked 
| 103|0x0000000087b00000, 0x0000000087b00000, 0x0000000087c00000|  0%| F|  |TAMS 0x0000000087b00000, 0x0000000087b00000| Untracked 
| 104|0x0000000087c00000, 0x0000000087c00000, 0x0000000087d00000|  0%| F|  |TAMS 0x0000000087c00000, 0x0000000087c00000| Untracked 
| 105|0x0000000087d00000, 0x0000000087d00000, 0x0000000087e00000|  0%| F|  |TAMS 0x0000000087d00000, 0x0000000087d00000| Untracked 
| 106|0x0000000087e00000, 0x0000000087e00000, 0x0000000087f00000|  0%| F|  |TAMS 0x0000000087e00000, 0x0000000087e00000| Untracked 
| 107|0x0000000087f00000, 0x0000000087f00000, 0x0000000088000000|  0%| F|  |TAMS 0x0000000087f00000, 0x0000000087f00000| Untracked 
| 108|0x0000000088000000, 0x0000000088000000, 0x0000000088100000|  0%| F|  |TAMS 0x0000000088000000, 0x0000000088000000| Untracked 
| 109|0x0000000088100000, 0x0000000088100000, 0x0000000088200000|  0%| F|  |TAMS 0x0000000088100000, 0x0000000088100000| Untracked 
| 110|0x0000000088200000, 0x0000000088200000, 0x0000000088300000|  0%| F|  |TAMS 0x0000000088200000, 0x0000000088200000| Untracked 
| 111|0x0000000088300000, 0x0000000088300000, 0x0000000088400000|  0%| F|  |TAMS 0x0000000088300000, 0x0000000088300000| Untracked 
| 112|0x0000000088400000, 0x0000000088400000, 0x0000000088500000|  0%| F|  |TAMS 0x0000000088400000, 0x0000000088400000| Untracked 
| 113|0x0000000088500000, 0x0000000088500000, 0x0000000088600000|  0%| F|  |TAMS 0x0000000088500000, 0x0000000088500000| Untracked 
| 114|0x0000000088600000, 0x0000000088600000, 0x0000000088700000|  0%| F|  |TAMS 0x0000000088600000, 0x0000000088600000| Untracked 
| 115|0x0000000088700000, 0x0000000088700000, 0x0000000088800000|  0%| F|  |TAMS 0x0000000088700000, 0x0000000088700000| Untracked 
| 116|0x0000000088800000, 0x0000000088900000, 0x0000000088900000|100%| E|  |TAMS 0x0000000088800000, 0x0000000088800000| Complete 
| 117|0x0000000088900000, 0x0000000088a00000, 0x0000000088a00000|100%| E|CS|TAMS 0x0000000088900000, 0x0000000088900000| Complete 
| 118|0x0000000088a00000, 0x0000000088b00000, 0x0000000088b00000|100%| E|CS|TAMS 0x0000000088a00000, 0x0000000088a00000| Complete 
| 119|0x0000000088b00000, 0x0000000088c00000, 0x0000000088c00000|100%| E|CS|TAMS 0x0000000088b00000, 0x0000000088b00000| Complete 
| 120|0x0000000088c00000, 0x0000000088d00000, 0x0000000088d00000|100%| E|CS|TAMS 0x0000000088c00000, 0x0000000088c00000| Complete 
| 121|0x0000000088d00000, 0x0000000088e00000, 0x0000000088e00000|100%| E|CS|TAMS 0x0000000088d00000, 0x0000000088d00000| Complete 
| 122|0x0000000088e00000, 0x0000000088f00000, 0x0000000088f00000|100%| E|CS|TAMS 0x0000000088e00000, 0x0000000088e00000| Complete 
| 123|0x0000000088f00000, 0x0000000089000000, 0x0000000089000000|100%| E|CS|TAMS 0x0000000088f00000, 0x0000000088f00000| Complete 
| 124|0x0000000089000000, 0x0000000089100000, 0x0000000089100000|100%| E|CS|TAMS 0x0000000089000000, 0x0000000089000000| Complete 
| 125|0x0000000089100000, 0x0000000089200000, 0x0000000089200000|100%| E|CS|TAMS 0x0000000089100000, 0x0000000089100000| Complete 
| 126|0x0000000089200000, 0x0000000089300000, 0x0000000089300000|100%| E|CS|TAMS 0x0000000089200000, 0x0000000089200000| Complete 
| 127|0x0000000089300000, 0x0000000089400000, 0x0000000089400000|100%| E|CS|TAMS 0x0000000089300000, 0x0000000089300000| Complete 

Card table byte_map: [0x0000027649c30000,0x000002764a030000] _byte_map_base: 0x0000027649826000

Marking Bits (Prev, Next): (CMBitMap*) 0x0000027632a78df0, (CMBitMap*) 0x0000027632a78e30
 Prev Bits: [0x000002764a430000, 0x000002764c3e0000)
 Next Bits: [0x000002764c3e0000, 0x000002764e390000)

Polling page: 0x0000027630bd0000

Metaspace:

Usage:
  Non-class:     16.04 MB used.
      Class:      2.54 MB used.
       Both:     18.58 MB used.

Virtual space:
  Non-class space:       24.00 MB reserved,      16.19 MB ( 67%) committed,  3 nodes.
      Class space:        1.00 GB reserved,       2.75 MB ( <1%) committed,  1 nodes.
             Both:        1.02 GB reserved,      18.94 MB (  2%) committed. 

Chunk freelists:
   Non-Class:  3.48 MB
       Class:  1.31 MB
        Both:  4.79 MB

MaxMetaspaceSize: unlimited
CompressedClassSpaceSize: 1.00 GB
Initial GC threshold: 21.00 MB
Current GC threshold: 21.00 MB
CDS: on
MetaspaceReclaimPolicy: balanced
 - commit_granule_bytes: 65536.
 - commit_granule_words: 8192.
 - virtual_space_node_default_size: 1048576.
 - enlarge_chunks_in_place: 1.
 - new_chunks_are_fully_committed: 0.
 - uncommit_free_chunks: 1.
 - use_allocation_guard: 0.
 - handle_deallocations: 1.


Internal statistics:

num_allocs_failed_limit: 0.
num_arena_births: 316.
num_arena_deaths: 0.
num_vsnodes_births: 4.
num_vsnodes_deaths: 0.
num_space_committed: 303.
num_space_uncommitted: 0.
num_chunks_returned_to_freelist: 0.
num_chunks_taken_from_freelist: 953.
num_chunk_merges: 0.
num_chunk_splits: 650.
num_chunks_enlarged: 469.
num_purges: 0.
num_inconsistent_stats: 0.

CodeHeap 'non-profiled nmethods': size=120000Kb used=2944Kb max_used=2944Kb free=117055Kb
 bounds [0x0000027641fd0000, 0x00000276422c0000, 0x0000027649500000]
CodeHeap 'profiled nmethods': size=120000Kb used=10753Kb max_used=10753Kb free=109246Kb
 bounds [0x000002763aaa0000, 0x000002763b530000, 0x0000027641fd0000]
CodeHeap 'non-nmethods': size=5760Kb used=1450Kb max_used=1535Kb free=4310Kb
 bounds [0x000002763a500000, 0x000002763a770000, 0x000002763aaa0000]
 total_blobs=5842 nmethods=5022 adapters=730
 compilation: enabled
              stopped_count=0, restarted_count=0
 full_count=0

Compilation events (20 events):
Event: 169.933 Thread 0x0000027650d8ad70 nmethod 5041 0x000002763b51e690 code [0x000002763b51e860, 0x000002763b51ec18]
Event: 169.934 Thread 0x000002765a0c46a0 nmethod 5030 0x00000276422ad310 code [0x00000276422ad4a0, 0x00000276422adb88]
Event: 169.934 Thread 0x000002765a0c46a0 5034       4       java.lang.invoke.DelegatingMethodHandle$Holder::reinvoke_L (20 bytes)
Event: 169.935 Thread 0x000002765a0c46a0 nmethod 5034 0x00000276422add10 code [0x00000276422adea0, 0x00000276422adfb8]
Event: 169.935 Thread 0x000002765a0c46a0 5035       4       java.lang.invoke.LambdaForm$MH/0x0000000800c24400::invoke (32 bytes)
Event: 169.936 Thread 0x0000027650d8ad70 5042   !   3       com.sun.javafx.fxml.BeanAdapter::put (129 bytes)
Event: 169.937 Thread 0x0000027650d8ad70 nmethod 5042 0x000002763b51ee10 code [0x000002763b51f080, 0x000002763b51fc28]
Event: 169.938 Thread 0x000002765a0c46a0 nmethod 5035 0x00000276422ae110 code [0x00000276422ae2a0, 0x00000276422ae3b8]
Event: 169.938 Thread 0x000002765a0c46a0 5036       4       java.lang.invoke.DirectMethodHandle$Holder::invokeStatic (21 bytes)
Event: 169.939 Thread 0x000002765a0c46a0 nmethod 5036 0x00000276422ae510 code [0x00000276422ae6a0, 0x00000276422ae788]
Event: 169.940 Thread 0x000002765a0c46a0 5043       4       jdk.internal.reflect.ClassFileAssembler::emitShort (24 bytes)
Event: 169.940 Thread 0x0000027650d8ad70 5044       3       jdk.internal.reflect.MethodAccessorImpl::<init> (5 bytes)
Event: 169.940 Thread 0x0000027650d8ad70 nmethod 5044 0x000002763b520110 code [0x000002763b5202c0, 0x000002763b520478]
Event: 169.944 Thread 0x000002765a0c46a0 nmethod 5043 0x00000276422ae890 code [0x00000276422aea40, 0x00000276422aecb8]
Event: 169.945 Thread 0x000002765a0c46a0 5045       4       java.util.Spliterators::checkFromToBounds (74 bytes)
Event: 169.946 Thread 0x000002765a0c46a0 nmethod 5045 0x00000276422aef10 code [0x00000276422af080, 0x00000276422af138]
Event: 169.950 Thread 0x000002765a0c46a0 5046       4       java.util.stream.ReferencePipeline$3::opWrapSink (10 bytes)
Event: 169.954 Thread 0x000002765a0c46a0 nmethod 5046 0x00000276422af210 code [0x00000276422af3a0, 0x00000276422af578]
Event: 169.954 Thread 0x000002765a0c46a0 5047       4       java.util.stream.Sink$ChainedReference::begin (11 bytes)
Event: 169.965 Thread 0x000002765a0c46a0 nmethod 5047 0x00000276422af690 code [0x00000276422af840, 0x00000276422afed8]

GC Heap History (6 events):
Event: 3.147 GC heap before
{Heap before GC invocations=0 (full 0):
 garbage-first heap   total 131072K, used 22528K [0x0000000081400000, 0x0000000100000000)
  region size 1024K, 23 young (23552K), 0 survivors (0K)
 Metaspace       used 8094K, committed 8256K, reserved 1056768K
  class space    used 992K, committed 1088K, reserved 1048576K
}
Event: 3.153 GC heap after
{Heap after GC invocations=1 (full 0):
 garbage-first heap   total 131072K, used 5167K [0x0000000081400000, 0x0000000100000000)
  region size 1024K, 3 young (3072K), 3 survivors (3072K)
 Metaspace       used 8094K, committed 8256K, reserved 1056768K
  class space    used 992K, committed 1088K, reserved 1048576K
}
Event: 9.217 GC heap before
{Heap before GC invocations=1 (full 0):
 garbage-first heap   total 131072K, used 33839K [0x0000000081400000, 0x0000000100000000)
  region size 1024K, 26 young (26624K), 3 survivors (3072K)
 Metaspace       used 14940K, committed 15104K, reserved 1064960K
  class space    used 2103K, committed 2176K, reserved 1048576K
}
Event: 9.224 GC heap after
{Heap after GC invocations=2 (full 0):
 garbage-first heap   total 131072K, used 10231K [0x0000000081400000, 0x0000000100000000)
  region size 1024K, 3 young (3072K), 3 survivors (3072K)
 Metaspace       used 14940K, committed 15104K, reserved 1064960K
  class space    used 2103K, committed 2176K, reserved 1048576K
}
Event: 98.339 GC heap before
{Heap before GC invocations=2 (full 0):
 garbage-first heap   total 131072K, used 52215K [0x0000000081400000, 0x0000000100000000)
  region size 1024K, 44 young (45056K), 3 survivors (3072K)
 Metaspace       used 18846K, committed 19136K, reserved 1073152K
  class space    used 2589K, committed 2752K, reserved 1048576K
}
Event: 98.348 GC heap after
{Heap after GC invocations=3 (full 0):
 garbage-first heap   total 131072K, used 15428K [0x0000000081400000, 0x0000000100000000)
  region size 1024K, 6 young (6144K), 6 survivors (6144K)
 Metaspace       used 18846K, committed 19136K, reserved 1073152K
  class space    used 2589K, committed 2752K, reserved 1048576K
}

Deoptimization events (20 events):
Event: 162.520 Thread 0x0000027650d7aad0 DEOPT PACKING pc=0x000002763b4c249a sp=0x000000a42f6fc200
Event: 162.520 Thread 0x0000027650d7aad0 DEOPT UNPACKING pc=0x000002763a552b43 sp=0x000000a42f6fb658 mode 0
Event: 162.520 Thread 0x0000027650d7aad0 DEOPT PACKING pc=0x000002763b4c249a sp=0x000000a42f6fc200
Event: 162.520 Thread 0x0000027650d7aad0 DEOPT UNPACKING pc=0x000002763a552b43 sp=0x000000a42f6fb658 mode 0
Event: 162.520 Thread 0x0000027650d7aad0 DEOPT PACKING pc=0x000002763b4c249a sp=0x000000a42f6fc200
Event: 162.520 Thread 0x0000027650d7aad0 DEOPT UNPACKING pc=0x000002763a552b43 sp=0x000000a42f6fb658 mode 0
Event: 162.523 Thread 0x0000027650d7aad0 DEOPT PACKING pc=0x000002763b4c249a sp=0x000000a42f6fc160
Event: 162.523 Thread 0x0000027650d7aad0 DEOPT UNPACKING pc=0x000002763a552b43 sp=0x000000a42f6fb5b8 mode 0
Event: 162.523 Thread 0x0000027650d7aad0 DEOPT PACKING pc=0x000002763b4c249a sp=0x000000a42f6fc160
Event: 162.524 Thread 0x0000027650d7aad0 DEOPT UNPACKING pc=0x000002763a552b43 sp=0x000000a42f6fb5b8 mode 0
Event: 162.524 Thread 0x0000027650d7aad0 DEOPT PACKING pc=0x000002763b4c249a sp=0x000000a42f6fc160
Event: 162.524 Thread 0x0000027650d7aad0 DEOPT UNPACKING pc=0x000002763a552b43 sp=0x000000a42f6fb5b8 mode 0
Event: 162.525 Thread 0x0000027650d7aad0 DEOPT PACKING pc=0x000002763b4c249a sp=0x000000a42f6fc160
Event: 162.525 Thread 0x0000027650d7aad0 DEOPT UNPACKING pc=0x000002763a552b43 sp=0x000000a42f6fb5b8 mode 0
Event: 162.525 Thread 0x0000027650d7aad0 DEOPT PACKING pc=0x000002763b4c249a sp=0x000000a42f6fc160
Event: 162.525 Thread 0x0000027650d7aad0 DEOPT UNPACKING pc=0x000002763a552b43 sp=0x000000a42f6fb5b8 mode 0
Event: 166.051 Thread 0x0000027650d7d150 Uncommon trap: trap_request=0xffffff45 fr.pc=0x000002764222d038 relative=0x0000000000000878
Event: 166.051 Thread 0x0000027650d7d150 Uncommon trap: reason=unstable_if action=reinterpret pc=0x000002764222d038 method=javafx.scene.Scene.buildEventDispatchChain(Ljavafx/event/EventDispatchChain;)Ljavafx/event/EventDispatchChain; @ 4 c2
Event: 166.051 Thread 0x0000027650d7d150 DEOPT PACKING pc=0x000002764222d038 sp=0x000000a42f8fa4d0
Event: 166.051 Thread 0x0000027650d7d150 DEOPT UNPACKING pc=0x000002763a5523a3 sp=0x000000a42f8fa410 mode 2

Classes unloaded (0 events):
No events

Classes redefined (0 events):
No events

Internal exceptions (20 events):
Event: 3.981 Thread 0x0000027650d7aad0 Exception <a 'java/lang/NoSuchMethodError'{0x00000000884132e0}: 'int java.lang.invoke.DirectMethodHandle$Holder.invokeStaticInit(java.lang.Object, java.lang.Object)'> (0x00000000884132e0) 
thrown [e:\jenkins\tmp\workspace\build\src\src\hotspot\share\interpreter\linkResolver.cpp, line 766]
Event: 5.392 Thread 0x0000027650d7d150 Exception <a 'java/lang/NoSuchMethodError'{0x000000008812bb88}: 'long java.lang.invoke.DirectMethodHandle$Holder.invokeStatic(java.lang.Object, java.lang.Object, java.lang.Object)'> (0x000000008812bb88) 
thrown [e:\jenkins\tmp\workspace\build\src\src\hotspot\share\interpreter\linkResolver.cpp, line 766]
Event: 5.394 Thread 0x0000027650d7d150 Exception <a 'java/lang/NoSuchMethodError'{0x000000008812f330}: 'long java.lang.invoke.DirectMethodHandle$Holder.invokeStaticInit(java.lang.Object, java.lang.Object, java.lang.Object)'> (0x000000008812f330) 
thrown [e:\jenkins\tmp\workspace\build\src\src\hotspot\share\interpreter\linkResolver.cpp, line 766]
Event: 5.399 Thread 0x0000027650d7d150 Exception <a 'java/lang/NoSuchMethodError'{0x0000000088146f38}: 'java.lang.Object java.lang.invoke.DirectMethodHandle$Holder.newInvokeSpecial(java.lang.Object, java.lang.Object, long)'> (0x0000000088146f38) 
thrown [e:\jenkins\tmp\workspace\build\src\src\hotspot\share\interpreter\linkResolver.cpp, line 766]
Event: 5.400 Thread 0x0000027650d7d150 Exception <a 'java/lang/NoSuchMethodError'{0x000000008814aaa8}: 'java.lang.Object java.lang.invoke.Invokers$Holder.linkToTargetMethod(java.lang.Object, long, java.lang.Object)'> (0x000000008814aaa8) 
thrown [e:\jenkins\tmp\workspace\build\src\src\hotspot\share\interpreter\linkResolver.cpp, line 766]
Event: 5.408 Thread 0x0000027650d7d150 Exception <a 'java/lang/NoSuchMethodError'{0x000000008815c898}: 'java.lang.Object java.lang.invoke.DirectMethodHandle$Holder.newInvokeSpecial(java.lang.Object, java.lang.Object, int, int, int, int, int, java.lang.Object)'> (0x000000008815c898) 
thrown [e:\jenkins\tmp\workspace\build\src\src\hotspot\share\interpreter\linkResolver.cpp, line 766]
Event: 5.412 Thread 0x0000027650d7d150 Exception <a 'java/lang/NoSuchMethodError'{0x000000008816fac0}: 'java.lang.Object java.lang.invoke.DirectMethodHandle$Holder.newInvokeSpecial(java.lang.Object, java.lang.Object, java.lang.Object, int, int, int, int, int)'> (0x000000008816fac0) 
thrown [e:\jenkins\tmp\workspace\build\src\src\hotspot\share\interpreter\linkResolver.cpp, line 766]
Event: 5.413 Thread 0x0000027650d7d150 Exception <a 'java/lang/NoSuchMethodError'{0x0000000088177320}: 'java.lang.Object java.lang.invoke.Invokers$Holder.linkToTargetMethod(java.lang.Object, java.lang.Object, int, int, int, int, int, java.lang.Object)'> (0x0000000088177320) 
thrown [e:\jenkins\tmp\workspace\build\src\src\hotspot\share\interpreter\linkResolver.cpp, line 766]
Event: 28.325 Thread 0x0000027650d7d150 Implicit null exception at 0x000002764214db20 to 0x000002764214ed78
Event: 28.362 Thread 0x0000027650d7aad0 Exception <a 'java/lang/NoSuchMethodError'{0x0000000087614dc0}: 'java.lang.Object java.lang.invoke.DirectMethodHandle$Holder.invokeStaticInit(java.lang.Object, int)'> (0x0000000087614dc0) 
thrown [e:\jenkins\tmp\workspace\build\src\src\hotspot\share\interpreter\linkResolver.cpp, line 766]
Event: 31.087 Thread 0x0000027650d7d150 Implicit null exception at 0x000002764215722c to 0x000002764215727c
Event: 32.799 Thread 0x0000027650d7d150 Implicit null exception at 0x000002764214b580 to 0x000002764214b5fc
Event: 40.104 Thread 0x0000027650d7d150 Exception <a 'java/lang/NoSuchMethodError'{0x000000008714e3c8}: static Lteam5/risc/common/MoveAction;.<clinit>()V> (0x000000008714e3c8) 
thrown [e:\jenkins\tmp\workspace\build\src\src\hotspot\share\prims\jni.cpp, line 1107]
Event: 40.106 Thread 0x0000027650d7d150 Exception <a 'java/lang/NoSuchMethodError'{0x0000000087150790}: static Lteam5/risc/common/SimpleAction;.<clinit>()V> (0x0000000087150790) 
thrown [e:\jenkins\tmp\workspace\build\src\src\hotspot\share\prims\jni.cpp, line 1107]
Event: 59.731 Thread 0x0000027650d7d150 Exception <a 'java/lang/NoSuchMethodError'{0x0000000086b69bc8}: static Lteam5/risc/common/AttackAction;.<clinit>()V> (0x0000000086b69bc8) 
thrown [e:\jenkins\tmp\workspace\build\src\src\hotspot\share\prims\jni.cpp, line 1107]
Event: 62.896 Thread 0x0000027650d7d150 Implicit null exception at 0x000002764215848d to 0x0000027642158ca0
Event: 66.518 Thread 0x0000027650d7d150 Exception <a 'java/lang/NoSuchMethodError'{0x0000000086becab8}: 'java.lang.Object java.lang.invoke.DirectMethodHandle$Holder.newInvokeSpecial(java.lang.Object, java.lang.Object, long, int, int, int)'> (0x0000000086becab8) 
thrown [e:\jenkins\tmp\workspace\build\src\src\hotspot\share\interpreter\linkResolver.cpp, line 766]
Event: 66.521 Thread 0x0000027650d7d150 Exception <a 'java/lang/NoSuchMethodError'{0x0000000086a08f10}: 'java.lang.Object java.lang.invoke.DirectMethodHandle$Holder.newInvokeSpecial(java.lang.Object, java.lang.Object, int, java.lang.Object, long, int, int, int, int)'> (0x0000000086a08f10) 
thrown [e:\jenkins\tmp\workspace\build\src\src\hotspot\share\interpreter\linkResolver.cpp, line 766]
Event: 66.529 Thread 0x0000027650d7d150 Exception <a 'java/lang/NoSuchMethodError'{0x0000000086a33750}: 'java.lang.Object java.lang.invoke.DirectMethodHandle$Holder.newInvokeSpecial(java.lang.Object, java.lang.Object, int, java.lang.Object, double, double, double, double, double, double, int, int, int, int, int, int, int, int)'> (0x0000000086a33750) 
thrown [e:\jenkins\tmp\workspace\build\src\src\hotspot\share\interpreter\linkResolver.cpp, line 766]
Event: 166.051 Thread 0x0000027650d7d150 Implicit null exception at 0x000002764222ca20 to 0x000002764222d02c

VM Operations (20 events):
Event: 92.127 Executing VM operation: Cleanup
Event: 92.127 Executing VM operation: Cleanup done
Event: 95.127 Executing VM operation: Cleanup
Event: 95.127 Executing VM operation: Cleanup done
Event: 98.339 Executing VM operation: G1CollectForAllocation
Event: 98.348 Executing VM operation: G1CollectForAllocation done
Event: 104.349 Executing VM operation: Cleanup
Event: 104.350 Executing VM operation: Cleanup done
Event: 123.358 Executing VM operation: Cleanup
Event: 123.358 Executing VM operation: Cleanup done
Event: 124.358 Executing VM operation: Cleanup
Event: 124.359 Executing VM operation: Cleanup done
Event: 159.369 Executing VM operation: Cleanup
Event: 159.369 Executing VM operation: Cleanup done
Event: 160.370 Executing VM operation: Cleanup
Event: 160.370 Executing VM operation: Cleanup done
Event: 163.371 Executing VM operation: Cleanup
Event: 163.371 Executing VM operation: Cleanup done
Event: 166.371 Executing VM operation: Cleanup
Event: 166.372 Executing VM operation: Cleanup done

Events (20 events):
Event: 40.104 loading class java/io/ObjectStreamClass$1 done
Event: 40.104 loading class java/io/ObjectStreamClass$MemberSignature
Event: 40.104 loading class java/io/ObjectStreamClass$MemberSignature done
Event: 40.104 loading class java/io/ObjectStreamClass$3
Event: 40.104 loading class java/io/ObjectStreamClass$3 done
Event: 40.104 loading class java/io/ObjectStreamClass$4
Event: 40.104 loading class java/io/ObjectStreamClass$4 done
Event: 40.104 loading class java/io/ObjectStreamClass$5
Event: 40.104 loading class java/io/ObjectStreamClass$5 done
Event: 40.104 loading class sun/security/provider/SHA
Event: 40.105 loading class sun/security/provider/SHA done
Event: 40.105 loading class sun/security/provider/ByteArrayAccess$BE
Event: 40.105 loading class sun/security/provider/ByteArrayAccess$BE done
Event: 40.108 loading class java/nio/charset/CharacterCodingException
Event: 40.108 loading class java/nio/charset/CharacterCodingException done
Event: 45.641 Thread 0x0000027656d40370 Thread added: 0x0000027656d40370
Event: 46.380 Thread 0x0000027656d40370 Thread exited: 0x0000027656d40370
Event: 48.104 Thread 0x0000027651bfb060 Thread added: 0x0000027651bfb060
Event: 48.253 Thread 0x0000027651bfb060 Thread exited: 0x0000027651bfb060
Event: 169.856 Thread 0x000002765a0c46a0 Thread added: 0x000002765a0c46a0


Dynamic libraries:
0x00007ff6e1ea0000 - 0x00007ff6e1eae000 	D:\JDK\bin\java.exe
0x00007ffc94950000 - 0x00007ffc94b45000 	C:\WINDOWS\SYSTEM32\ntdll.dll
0x00007ffc93520000 - 0x00007ffc935de000 	C:\WINDOWS\System32\KERNEL32.DLL
0x00007ffc923f0000 - 0x00007ffc926b8000 	C:\WINDOWS\System32\KERNELBASE.dll
0x00007ffc926c0000 - 0x00007ffc927c0000 	C:\WINDOWS\System32\ucrtbase.dll
0x00007ffc78d60000 - 0x00007ffc78d79000 	D:\JDK\bin\VCRUNTIME140.dll
0x00007ffc78620000 - 0x00007ffc78638000 	D:\JDK\bin\jli.dll
0x00007ffc94710000 - 0x00007ffc948b0000 	C:\WINDOWS\System32\USER32.dll
0x00007ffc87330000 - 0x00007ffc875ca000 	C:\WINDOWS\WinSxS\amd64_microsoft.windows.common-controls_6595b64144ccf1df_6.0.19041.1110_none_60b5254171f9507e\COMCTL32.dll
0x00007ffc92070000 - 0x00007ffc92092000 	C:\WINDOWS\System32\win32u.dll
0x00007ffc92d90000 - 0x00007ffc92e2e000 	C:\WINDOWS\System32\msvcrt.dll
0x00007ffc92d60000 - 0x00007ffc92d8b000 	C:\WINDOWS\System32\GDI32.dll
0x00007ffc92180000 - 0x00007ffc9228b000 	C:\WINDOWS\System32\gdi32full.dll
0x00007ffc928a0000 - 0x00007ffc9293d000 	C:\WINDOWS\System32\msvcp_win.dll
0x00007ffc92ae0000 - 0x00007ffc92b10000 	C:\WINDOWS\System32\IMM32.DLL
0x00007ffc7b0e0000 - 0x00007ffc7b0ec000 	D:\JDK\bin\vcruntime140_1.dll
0x00007ffc615e0000 - 0x00007ffc61671000 	D:\JDK\bin\msvcp140.dll
0x00007ffc30570000 - 0x00007ffc311b7000 	D:\JDK\bin\server\jvm.dll
0x00007ffc93270000 - 0x00007ffc9331e000 	C:\WINDOWS\System32\ADVAPI32.dll
0x00007ffc933f0000 - 0x00007ffc9348c000 	C:\WINDOWS\System32\sechost.dll
0x00007ffc929b0000 - 0x00007ffc92ad5000 	C:\WINDOWS\System32\RPCRT4.dll
0x00007ffc92cc0000 - 0x00007ffc92cc8000 	C:\WINDOWS\System32\PSAPI.DLL
0x00007ffc7e0a0000 - 0x00007ffc7e0a9000 	C:\WINDOWS\SYSTEM32\WSOCK32.dll
0x00007ffc946a0000 - 0x00007ffc9470b000 	C:\WINDOWS\System32\WS2_32.dll
0x00007ffc74ee0000 - 0x00007ffc74f07000 	C:\WINDOWS\SYSTEM32\WINMM.dll
0x00007ffc8b970000 - 0x00007ffc8b97a000 	C:\WINDOWS\SYSTEM32\VERSION.dll
0x00007ffc8fe40000 - 0x00007ffc8fe52000 	C:\WINDOWS\SYSTEM32\kernel.appcore.dll
0x00007ffc7ac60000 - 0x00007ffc7ac6a000 	D:\JDK\bin\jimage.dll
0x00007ffc80bb0000 - 0x00007ffc80d94000 	C:\WINDOWS\SYSTEM32\DBGHELP.DLL
0x00007ffc7e070000 - 0x00007ffc7e09c000 	C:\WINDOWS\SYSTEM32\dbgcore.DLL
0x00007ffc920a0000 - 0x00007ffc92122000 	C:\WINDOWS\System32\bcryptPrimitives.dll
0x00007ffc75f60000 - 0x00007ffc75f85000 	D:\JDK\bin\java.dll
0x00007ffc61500000 - 0x00007ffc615d6000 	D:\JDK\bin\jsvml.dll
0x00007ffc935e0000 - 0x00007ffc93d24000 	C:\WINDOWS\System32\SHELL32.dll
0x00007ffc90140000 - 0x00007ffc908d4000 	C:\WINDOWS\SYSTEM32\windows.storage.dll
0x00007ffc92e90000 - 0x00007ffc931e4000 	C:\WINDOWS\System32\combase.dll
0x00007ffc91ad0000 - 0x00007ffc91afc000 	C:\WINDOWS\SYSTEM32\Wldp.dll
0x00007ffc94000000 - 0x00007ffc940ad000 	C:\WINDOWS\System32\SHCORE.dll
0x00007ffc948b0000 - 0x00007ffc94905000 	C:\WINDOWS\System32\shlwapi.dll
0x00007ffc91fb0000 - 0x00007ffc91fcf000 	C:\WINDOWS\SYSTEM32\profapi.dll
0x00007ffc78600000 - 0x00007ffc78619000 	D:\JDK\bin\net.dll
0x00007ffc8cd30000 - 0x00007ffc8ce39000 	C:\WINDOWS\SYSTEM32\WINHTTP.dll
0x00007ffc91830000 - 0x00007ffc9189a000 	C:\WINDOWS\system32\mswsock.dll
0x00007ffc75f40000 - 0x00007ffc75f55000 	D:\JDK\bin\nio.dll
0x00007ffc742c0000 - 0x00007ffc742d8000 	D:\JDK\bin\zip.dll
0x00000276329f0000 - 0x00000276329f3000 	C:\Users\phoeb\.openjfx\cache\16\api-ms-win-core-console-l1-1-0.dll
0x0000027632a00000 - 0x0000027632a03000 	C:\Users\phoeb\.openjfx\cache\16\api-ms-win-core-console-l1-2-0.dll
0x0000027650f10000 - 0x0000027650f13000 	C:\Users\phoeb\.openjfx\cache\16\api-ms-win-core-datetime-l1-1-0.dll
0x0000027650f20000 - 0x0000027650f23000 	C:\Users\phoeb\.openjfx\cache\16\api-ms-win-core-debug-l1-1-0.dll
0x0000027650f30000 - 0x0000027650f33000 	C:\Users\phoeb\.openjfx\cache\16\api-ms-win-core-errorhandling-l1-1-0.dll
0x0000027650f40000 - 0x0000027650f44000 	C:\Users\phoeb\.openjfx\cache\16\api-ms-win-core-file-l1-1-0.dll
0x0000027650f50000 - 0x0000027650f53000 	C:\Users\phoeb\.openjfx\cache\16\api-ms-win-core-file-l1-2-0.dll
0x0000027650f60000 - 0x0000027650f63000 	C:\Users\phoeb\.openjfx\cache\16\api-ms-win-core-file-l2-1-0.dll
0x0000027650f70000 - 0x0000027650f73000 	C:\Users\phoeb\.openjfx\cache\16\api-ms-win-core-handle-l1-1-0.dll
0x0000027650f80000 - 0x0000027650f83000 	C:\Users\phoeb\.openjfx\cache\16\api-ms-win-core-heap-l1-1-0.dll
0x0000027650f90000 - 0x0000027650f93000 	C:\Users\phoeb\.openjfx\cache\16\api-ms-win-core-interlocked-l1-1-0.dll
0x0000027650fa0000 - 0x0000027650fa3000 	C:\Users\phoeb\.openjfx\cache\16\api-ms-win-core-libraryloader-l1-1-0.dll
0x0000027650fb0000 - 0x0000027650fb3000 	C:\Users\phoeb\.openjfx\cache\16\api-ms-win-core-localization-l1-2-0.dll
0x0000027650fc0000 - 0x0000027650fc3000 	C:\Users\phoeb\.openjfx\cache\16\api-ms-win-core-memory-l1-1-0.dll
0x0000027650fd0000 - 0x0000027650fd3000 	C:\Users\phoeb\.openjfx\cache\16\api-ms-win-core-namedpipe-l1-1-0.dll
0x0000027650fe0000 - 0x0000027650fe3000 	C:\Users\phoeb\.openjfx\cache\16\api-ms-win-core-processenvironment-l1-1-0.dll
0x0000027650ff0000 - 0x0000027650ff3000 	C:\Users\phoeb\.openjfx\cache\16\api-ms-win-core-processthreads-l1-1-0.dll
0x0000027652400000 - 0x0000027652403000 	C:\Users\phoeb\.openjfx\cache\16\api-ms-win-core-processthreads-l1-1-1.dll
0x0000027652410000 - 0x0000027652413000 	C:\Users\phoeb\.openjfx\cache\16\api-ms-win-core-profile-l1-1-0.dll
0x0000027652420000 - 0x0000027652423000 	C:\Users\phoeb\.openjfx\cache\16\api-ms-win-core-rtlsupport-l1-1-0.dll
0x0000027652430000 - 0x0000027652433000 	C:\Users\phoeb\.openjfx\cache\16\api-ms-win-core-string-l1-1-0.dll
0x0000027652440000 - 0x0000027652443000 	C:\Users\phoeb\.openjfx\cache\16\api-ms-win-core-synch-l1-1-0.dll
0x0000027652450000 - 0x0000027652453000 	C:\Users\phoeb\.openjfx\cache\16\api-ms-win-core-synch-l1-2-0.dll
0x0000027652460000 - 0x0000027652463000 	C:\Users\phoeb\.openjfx\cache\16\api-ms-win-core-sysinfo-l1-1-0.dll
0x0000027652470000 - 0x0000027652473000 	C:\Users\phoeb\.openjfx\cache\16\api-ms-win-core-timezone-l1-1-0.dll
0x0000027652480000 - 0x0000027652483000 	C:\Users\phoeb\.openjfx\cache\16\api-ms-win-core-util-l1-1-0.dll
0x0000027652490000 - 0x0000027652493000 	C:\Users\phoeb\.openjfx\cache\16\api-ms-win-crt-conio-l1-1-0.dll
0x00000276524a0000 - 0x00000276524a4000 	C:\Users\phoeb\.openjfx\cache\16\api-ms-win-crt-convert-l1-1-0.dll
0x00000276524b0000 - 0x00000276524b3000 	C:\Users\phoeb\.openjfx\cache\16\api-ms-win-crt-environment-l1-1-0.dll
0x00000276524c0000 - 0x00000276524c3000 	C:\Users\phoeb\.openjfx\cache\16\api-ms-win-crt-filesystem-l1-1-0.dll
0x00000276524d0000 - 0x00000276524d3000 	C:\Users\phoeb\.openjfx\cache\16\api-ms-win-crt-heap-l1-1-0.dll
0x00000276524e0000 - 0x00000276524e3000 	C:\Users\phoeb\.openjfx\cache\16\api-ms-win-crt-locale-l1-1-0.dll
0x00000276524f0000 - 0x00000276524f5000 	C:\Users\phoeb\.openjfx\cache\16\api-ms-win-crt-math-l1-1-0.dll
0x0000027652500000 - 0x0000027652505000 	C:\Users\phoeb\.openjfx\cache\16\api-ms-win-crt-multibyte-l1-1-0.dll
0x0000027652510000 - 0x0000027652520000 	C:\Users\phoeb\.openjfx\cache\16\api-ms-win-crt-private-l1-1-0.dll
0x0000027652520000 - 0x0000027652523000 	C:\Users\phoeb\.openjfx\cache\16\api-ms-win-crt-process-l1-1-0.dll
0x0000027652530000 - 0x0000027652534000 	C:\Users\phoeb\.openjfx\cache\16\api-ms-win-crt-runtime-l1-1-0.dll
0x0000027652540000 - 0x0000027652544000 	C:\Users\phoeb\.openjfx\cache\16\api-ms-win-crt-stdio-l1-1-0.dll
0x0000027652550000 - 0x0000027652554000 	C:\Users\phoeb\.openjfx\cache\16\api-ms-win-crt-string-l1-1-0.dll
0x0000027652560000 - 0x0000027652563000 	C:\Users\phoeb\.openjfx\cache\16\api-ms-win-crt-time-l1-1-0.dll
0x0000027652570000 - 0x0000027652573000 	C:\Users\phoeb\.openjfx\cache\16\api-ms-win-crt-utility-l1-1-0.dll
0x00007ffc66990000 - 0x00007ffc66a8c000 	C:\Users\phoeb\.openjfx\cache\16\ucrtbase.dll
0x00007ffc8c430000 - 0x00007ffc8c449000 	C:\Users\phoeb\.openjfx\cache\16\vcruntime140.dll
0x00007ffc8c400000 - 0x00007ffc8c40c000 	C:\Users\phoeb\.openjfx\cache\16\vcruntime140_1.dll
0x00007ffc79310000 - 0x00007ffc793a1000 	C:\Users\phoeb\.openjfx\cache\16\msvcp140.dll
0x00007ffc79e20000 - 0x00007ffc79e47000 	C:\Users\phoeb\.openjfx\cache\16\prism_d3d.dll
0x00007ffc3e310000 - 0x00007ffc3e4df000 	C:\WINDOWS\system32\d3d9.dll
0x00007ffc8fe10000 - 0x00007ffc8fe3f000 	C:\WINDOWS\SYSTEM32\dwmapi.dll
0x00007ffc8f950000 - 0x00007ffc8f9ee000 	C:\WINDOWS\system32\uxtheme.dll
0x00007ffc3e1a0000 - 0x00007ffc3e303000 	C:\WINDOWS\System32\DriverStore\FileRepository\iigd_dch.inf_amd64_dc16e5f1dbf8051f\igdumdim64.dll
0x00007ffc20070000 - 0x00007ffc23a74000 	C:\WINDOWS\System32\DriverStore\FileRepository\iigd_dch.inf_amd64_dc16e5f1dbf8051f\igd9dxva64.dll
0x00007ffc93d30000 - 0x00007ffc93e5a000 	C:\WINDOWS\System32\ole32.dll
0x00007ffc93320000 - 0x00007ffc933ed000 	C:\WINDOWS\System32\OLEAUT32.dll
0x00007ffc94230000 - 0x00007ffc946a0000 	C:\WINDOWS\System32\SETUPAPI.dll
0x00007ffc92130000 - 0x00007ffc9217e000 	C:\WINDOWS\System32\cfgmgr32.dll
0x00007ffc927c0000 - 0x00007ffc927e7000 	C:\WINDOWS\System32\bcrypt.dll
0x00007ffc85140000 - 0x00007ffc8537f000 	C:\WINDOWS\System32\DriverStore\FileRepository\iigd_dch.inf_amd64_dc16e5f1dbf8051f\igdgmm64.dll
0x00007ffc6dcc0000 - 0x00007ffc6dd02000 	C:\Users\phoeb\.openjfx\cache\16\glass.dll
0x00007ffc93e70000 - 0x00007ffc93f4b000 	C:\WINDOWS\System32\COMDLG32.dll
0x00007ffc94110000 - 0x00007ffc94226000 	C:\WINDOWS\System32\MSCTF.dll
0x00007ffc8d620000 - 0x00007ffc8d647000 	C:\WINDOWS\System32\DriverStore\FileRepository\iigd_dch.inf_amd64_dc16e5f1dbf8051f\igdinfo64.dll
0x00007ffc82360000 - 0x00007ffc84fc2000 	C:\WINDOWS\System32\DriverStore\FileRepository\iigd_dch.inf_amd64_dc16e5f1dbf8051f\igc64.dll
0x00007ffc86a40000 - 0x00007ffc86a7b000 	C:\WINDOWS\SYSTEM32\dxcore.dll
0x00007ffc78dd0000 - 0x00007ffc78de4000 	C:\Users\phoeb\.openjfx\cache\16\javafx_font.dll
0x00007ffc78380000 - 0x00007ffc785ff000 	C:\WINDOWS\SYSTEM32\dwrite.dll
0x00007ffc93f50000 - 0x00007ffc93ff9000 	C:\WINDOWS\System32\clbcatq.dll
0x00007ffc88290000 - 0x00007ffc88444000 	C:\WINDOWS\SYSTEM32\WindowsCodecs.dll
0x00007ffc7dd10000 - 0x00007ffc7dd4e000 	C:\WINDOWS\system32\dataexchange.dll
0x00007ffc8e3b0000 - 0x00007ffc8e595000 	C:\WINDOWS\system32\dcomp.dll
0x00007ffc8eb60000 - 0x00007ffc8edc4000 	C:\WINDOWS\system32\d3d11.dll
0x00007ffc90940000 - 0x00007ffc90a33000 	C:\WINDOWS\system32\dxgi.dll
0x00007ffc8a6e0000 - 0x00007ffc8a8e1000 	C:\WINDOWS\system32\twinapi.appcore.dll
0x00007ffc66f20000 - 0x00007ffc66f54000 	C:\Program Files\Common Files\Microsoft Shared\Ink\rtscom.dll
0x00007ffc74cb0000 - 0x00007ffc74da9000 	C:\WINDOWS\SYSTEM32\textinputframework.dll
0x00007ffc8f3b0000 - 0x00007ffc8f70e000 	C:\WINDOWS\System32\CoreUIComponents.dll
0x00007ffc8f710000 - 0x00007ffc8f802000 	C:\WINDOWS\System32\CoreMessaging.dll
0x00007ffc8eed0000 - 0x00007ffc8f024000 	C:\WINDOWS\SYSTEM32\wintypes.dll
0x00007ffc90d30000 - 0x00007ffc90d63000 	C:\WINDOWS\SYSTEM32\ntmarta.dll
0x00007ffc7dea0000 - 0x00007ffc7df06000 	C:\WINDOWS\system32\Oleacc.dll
0x00007ffc884c0000 - 0x00007ffc8852a000 	C:\WINDOWS\system32\Ninput.dll

dbghelp: loaded successfully - version: 4.0.5 - missing functions: none
symbol engine: initialized successfully - sym options: 0x614 - pdb path: .;D:\JDK\bin;C:\WINDOWS\SYSTEM32;C:\WINDOWS\WinSxS\amd64_microsoft.windows.common-controls_6595b64144ccf1df_6.0.19041.1110_none_60b5254171f9507e;D:\JDK\bin\server;C:\Users\phoeb\.openjfx\cache\16;C:\WINDOWS\System32\DriverStore\FileRepository\iigd_dch.inf_amd64_dc16e5f1dbf8051f;C:\Program Files\Common Files\Microsoft Shared\Ink

VM Arguments:
java_command: team5.risc.client.Client 127.0.0.1 1651 gui
java_class_path (initial): D:\Coding\651Team5\risc_team5\client\build\install\client\lib\client.jar;D:\Coding\651Team5\risc_team5\client\build\install\client\lib\javafx-fxml-16-win.jar;D:\Coding\651Team5\risc_team5\client\build\install\client\lib\javafx-controls-16-win.jar;D:\Coding\651Team5\risc_team5\client\build\install\client\lib\javafx-controls-16.jar;D:\Coding\651Team5\risc_team5\client\build\install\client\lib\javafx-graphics-16-win.jar;D:\Coding\651Team5\risc_team5\client\build\install\client\lib\javafx-graphics-16.jar;D:\Coding\651Team5\risc_team5\client\build\install\client\lib\javafx-base-16-win.jar;D:\Coding\651Team5\risc_team5\client\build\install\client\lib\javafx-base-16.jar;D:\Coding\651Team5\risc_team5\client\build\install\client\lib\common.jar;D:\Coding\651Team5\risc_team5\client\build\install\client\lib\commons-text-1.9.jar;D:\Coding\651Team5\risc_team5\client\build\install\client\lib\guava-30.1.1-jre.jar;D:\Coding\651Team5\risc_team5\client\build\install\client\lib\commons-lang3-3.11.jar;D:\Coding\651Team5\risc_team5\client\build\install\client\lib\failureaccess-1.0.1.jar;D:\Coding\651Team5\risc_team5\client\build\install\client\lib\listenablefuture-9999.0-empty-to-avoid-conflict-with-guava.jar;D:\Coding\651Team5\risc_team5\client\build\install\client\lib\jsr305-3.0.2.jar;D:\Coding\651Team5\risc_team5\client\build\install\client\lib\checker-qual-3.8.0.jar;D:\Coding\651Team5\risc_team5\client\build\install\client\lib\error_prone_annotations-2.5.1.jar;D:\Coding\651Team5\risc_team5\client\build\install\client\lib\j2objc-annotations-1.3.jar
Launcher Type: SUN_STANDARD

[Global flags]
     intx CICompilerCount                          = 4                                         {product} {ergonomic}
     uint ConcGCThreads                            = 2                                         {product} {ergonomic}
     uint G1ConcRefinementThreads                  = 8                                         {product} {ergonomic}
   size_t G1HeapRegionSize                         = 1048576                                   {product} {ergonomic}
    uintx GCDrainStackTargetSize                   = 64                                        {product} {ergonomic}
   size_t InitialHeapSize                          = 134217728                                 {product} {ergonomic}
   size_t MarkStackSize                            = 4194304                                   {product} {ergonomic}
   size_t MaxHeapSize                              = 2126512128                                {product} {ergonomic}
   size_t MaxNewSize                               = 1275068416                                {product} {ergonomic}
   size_t MinHeapDeltaBytes                        = 1048576                                   {product} {ergonomic}
   size_t MinHeapSize                              = 8388608                                   {product} {ergonomic}
    uintx NonNMethodCodeHeapSize                   = 5839372                                {pd product} {ergonomic}
    uintx NonProfiledCodeHeapSize                  = 122909434                              {pd product} {ergonomic}
    uintx ProfiledCodeHeapSize                     = 122909434                              {pd product} {ergonomic}
    uintx ReservedCodeCacheSize                    = 251658240                              {pd product} {ergonomic}
     bool SegmentedCodeCache                       = true                                      {product} {ergonomic}
   size_t SoftMaxHeapSize                          = 2126512128                             {manageable} {ergonomic}
     bool UseCompressedClassPointers               = true                           {product lp64_product} {ergonomic}
     bool UseCompressedOops                        = true                           {product lp64_product} {ergonomic}
     bool UseG1GC                                  = true                                      {product} {ergonomic}
     bool UseLargePagesIndividualAllocation        = false                                  {pd product} {ergonomic}

Logging:
Log output configuration:
 #0: stdout all=warning uptime,level,tags
 #1: stderr all=off uptime,level,tags

Environment Variables:
JAVA_HOME=D:\JDK
CLASSPATH=D:\Coding\651Team5\risc_team5\client\build\install\client\lib\client.jar;D:\Coding\651Team5\risc_team5\client\build\install\client\lib\javafx-fxml-16-win.jar;D:\Coding\651Team5\risc_team5\client\build\install\client\lib\javafx-controls-16-win.jar;D:\Coding\651Team5\risc_team5\client\build\install\client\lib\javafx-controls-16.jar;D:\Coding\651Team5\risc_team5\client\build\install\client\lib\javafx-graphics-16-win.jar;D:\Coding\651Team5\risc_team5\client\build\install\client\lib\javafx-graphics-16.jar;D:\Coding\651Team5\risc_team5\client\build\install\client\lib\javafx-base-16-win.jar;D:\Coding\651Team5\risc_team5\client\build\install\client\lib\javafx-base-16.jar;D:\Coding\651Team5\risc_team5\client\build\install\client\lib\common.jar;D:\Coding\651Team5\risc_team5\client\build\install\client\lib\commons-text-1.9.jar;D:\Coding\651Team5\risc_team5\client\build\install\client\lib\guava-30.1.1-jre.jar;D:\Coding\651Team5\risc_team5\client\build\install\client\lib\commons-lang3-3.11.jar;D:\Coding\651Team5\risc_team5\client\build\install\client\lib\failureaccess-1.0.1.jar;D:\Coding\651Team5\risc_team5\client\build\install\client\lib\listenablefuture-9999.0-empty-to-avoid-conflict-with-guava.jar;D:\Coding\651Team5\risc_team5\client\build\install\client\lib\jsr305-3.0.2.jar;D:\Coding\651Team5\risc_team5\client\build\install\client\lib\checker-qual-3.8.0.jar;D:\Coding\651Team5\risc_team5\client\build\install\client\lib\error_prone_annotations-2.5.1.jar;D:\Coding\651Team5\risc_team5\client\build\install\client\lib\j2objc-annotations-1.3.jar
PATH=C:\Program Files\Common Files\Oracle\Java\javapath;D:\JavaGradle\gradle-7.3.3-bin\gradle-7.3.3\bin;D:\JDK\bin;C:\WINDOWS\system32;C:\WINDOWS;C:\WINDOWS\System32\Wbem;C:\WINDOWS\System32\WindowsPowerShell\v1.0\;C:\WINDOWS\System32\OpenSSH\;C:\Program Files (x86)\PharosSystems\Core;C:\Program Files (x86)\Wolfram Research\WolframScript\;D:\Program Files\PuTTY\;D:\Git\cmd;C:\ProgramData\chocolatey\bin;D:\Python\;C:\Users\phoeb\AppData\Local\Microsoft\WindowsApps;D:\VSCode\Microsoft VS Code\bin
USERNAME=phoeb
LANG=en_US.UTF-8
OS=Windows_NT
PROCESSOR_IDENTIFIER=Intel64 Family 6 Model 142 Stepping 10, GenuineIntel



---------------  S Y S T E M  ---------------

OS:
 Windows 10 , 64 bit Build 19041 (10.0.19041.1566)
OS uptime: 8 days 7:45 hours
Hyper-V role detected

CPU: total 8 (initial active 8) (4 cores per cpu, 2 threads per core) family 6 model 142 stepping 10 microcode 0xec, cx8, cmov, fxsr, ht, mmx, 3dnowpref, sse, sse2, sse3, ssse3, sse4.1, sse4.2, popcnt, lzcnt, tsc, tscinvbit, avx, avx2, aes, erms, clmul, bmi1, bmi2, adx, fma, vzeroupper, clflush, clflushopt, hv

Memory: 4k page, system-wide physical 8108M (434M free)
TotalPageFile size 14406M (AvailPageFile size 3M)
current process WorkingSet (physical memory assigned to process): 258M, peak: 267M
current process commit charge ("private bytes"): 368M, peak: 384M

vm_info: OpenJDK 64-Bit Server VM (17.0.2+8) for windows-amd64 JRE (17.0.2+8), built on Jan 20 2022 04:52:34 by "" with MS VC++ 16.7 (VS2019)

END.
